<?xml version="1.0" encoding="UTF-8"?>
<testng-results ignored="0" total="4" passed="4" failed="0" skipped="0">
  <reporter-output>
  </reporter-output>
  <suite started-at="2023-11-09T10:43:19 IST" name="Surefire suite" finished-at="2023-11-09T10:43:19 IST" duration-ms="46">
    <groups>
      <group name="AdvancedOperations">
        <method signature="CalculatorTest.testDivide()[pri:0, instance:com.example.CalculatorTest@13acb0d1]" name="testDivide" class="com.example.CalculatorTest"/>
        <method signature="CalculatorTest.testMultiply()[pri:0, instance:com.example.CalculatorTest@13acb0d1]" name="testMultiply" class="com.example.CalculatorTest"/>
      </group> <!-- AdvancedOperations -->
      <group name="BasicOperations">
        <method signature="CalculatorTest.testSubtract()[pri:0, instance:com.example.CalculatorTest@13acb0d1]" name="testSubtract" class="com.example.CalculatorTest"/>
        <method signature="CalculatorTest.testadd()[pri:0, instance:com.example.CalculatorTest@13acb0d1]" name="testadd" class="com.example.CalculatorTest"/>
      </group> <!-- BasicOperations -->
    </groups>
    <test started-at="2023-11-09T10:43:19 IST" name="Surefire test" finished-at="2023-11-09T10:43:19 IST" duration-ms="46">
      <class name="com.example.CalculatorTest">
        <test-method is-config="true" signature="beforeClass()[pri:0, instance:com.example.CalculatorTest@13acb0d1]" started-at="2023-11-09T10:43:19 IST" name="beforeClass" finished-at="2023-11-09T10:43:19 IST" duration-ms="5" status="PASS">
          <reporter-output>
          </reporter-output>
        </test-method> <!-- beforeClass -->
        <test-method signature="testDivide()[pri:0, instance:com.example.CalculatorTest@13acb0d1]" started-at="2023-11-09T10:43:19 IST" name="testDivide" finished-at="2023-11-09T10:43:19 IST" duration-ms="0" status="PASS">
          <reporter-output>
          </reporter-output>
        </test-method> <!-- testDivide -->
        <test-method signature="testMultiply()[pri:0, instance:com.example.CalculatorTest@13acb0d1]" started-at="2023-11-09T10:43:19 IST" name="testMultiply" finished-at="2023-11-09T10:43:19 IST" duration-ms="0" status="PASS">
          <reporter-output>
          </reporter-output>
        </test-method> <!-- testMultiply -->
        <test-method is-config="true" signature="beforeMethod()[pri:0, instance:com.example.CalculatorTest@13acb0d1]" started-at="2023-11-09T10:43:19 IST" name="beforeMethod" finished-at="2023-11-09T10:43:19 IST" duration-ms="0" status="PASS">
          <reporter-output>
          </reporter-output>
        </test-method> <!-- beforeMethod -->
        <test-method is-config="true" signature="beforeMethod()[pri:0, instance:com.example.CalculatorTest@13acb0d1]" started-at="2023-11-09T10:43:19 IST" name="beforeMethod" finished-at="2023-11-09T10:43:19 IST" duration-ms="0" status="PASS">
          <reporter-output>
          </reporter-output>
        </test-method> <!-- beforeMethod -->
        <test-method signature="testSubtract()[pri:0, instance:com.example.CalculatorTest@13acb0d1]" started-at="2023-11-09T10:43:19 IST" name="testSubtract" finished-at="2023-11-09T10:43:19 IST" duration-ms="0" status="PASS">
          <reporter-output>
          </reporter-output>
        </test-method> <!-- testSubtract -->
        <test-method is-config="true" signature="beforeMethod()[pri:0, instance:com.example.CalculatorTest@13acb0d1]" started-at="2023-11-09T10:43:19 IST" name="beforeMethod" finished-at="2023-11-09T10:43:19 IST" duration-ms="0" status="PASS">
          <reporter-output>
          </reporter-output>
        </test-method> <!-- beforeMethod -->
        <test-method signature="testadd()[pri:0, instance:com.example.CalculatorTest@13acb0d1]" started-at="2023-11-09T10:43:19 IST" name="testadd" finished-at="2023-11-09T10:43:19 IST" duration-ms="1" status="PASS">
          <reporter-output>
          </reporter-output>
        </test-method> <!-- testadd -->
        <test-method is-config="true" signature="beforeMethod()[pri:0, instance:com.example.CalculatorTest@13acb0d1]" started-at="2023-11-09T10:43:19 IST" name="beforeMethod" finished-at="2023-11-09T10:43:19 IST" duration-ms="0" status="PASS">
          <reporter-output>
          </reporter-output>
        </test-method> <!-- beforeMethod -->
        <test-method is-config="true" signature="afterClass()[pri:0, instance:com.example.CalculatorTest@13acb0d1]" started-at="2023-11-09T10:43:19 IST" name="afterClass" finished-at="2023-11-09T10:43:19 IST" duration-ms="0" status="PASS">
          <reporter-output>
          </reporter-output>
        </test-method> <!-- afterClass -->
      </class> <!-- com.example.CalculatorTest -->
    </test> <!-- Surefire test -->
  </suite> <!-- Surefire suite -->
</testng-results>
