<?xml version="1.0" encoding="UTF-8"?>
<!-- Generated by org.testng.reporters.JUnitXMLReporter -->
<testsuite ignored="3" hostname="DESKTOP-1659AS4" failures="0" tests="2" name="AdvancedOperationsTest" time="0.01" errors="0" timestamp="2023-11-09T11:24:05 IST">
  <testcase classname="com.example.CalculatorTest" name="testDivide" time="0.0"/>
  <testcase classname="com.example.CalculatorTest" name="testMultiply" time="0.01"/>
  <testcase classname="com.example.CalculatorTest" name="testadd" time="0.0">
    <ignored/>
  </testcase> <!-- testadd -->
  <testcase classname="com.example.CalculatorTest" name="testAdd2" time="0.0">
    <ignored/>
  </testcase> <!-- testAdd2 -->
  <testcase classname="com.example.CalculatorTest" name="testSubtract" time="0.0">
    <ignored/>
  </testcase> <!-- testSubtract -->
</testsuite> <!-- AdvancedOperationsTest -->
