<?xml version="1.0" encoding="UTF-8"?>
<!-- Generated by org.testng.reporters.JUnitXMLReporter -->
<testsuite ignored="2" hostname="DESKTOP-1659AS4" failures="0" tests="5" name="BasicOperationsTest" time="0.058" errors="0" timestamp="2023-11-09T11:24:05 IST">
  <testcase classname="com.example.CalculatorTest" name="testAdd2" time="0.015"/>
  <testcase classname="com.example.CalculatorTest" name="testAdd2" time="0.0"/>
  <testcase classname="com.example.CalculatorTest" name="testAdd2" time="0.0"/>
  <testcase classname="com.example.CalculatorTest" name="testadd" time="0.0"/>
  <testcase classname="com.example.CalculatorTest" name="testSubtract" time="0.0"/>
  <testcase classname="com.example.CalculatorTest" name="testDivide" time="0.0">
    <ignored/>
  </testcase> <!-- testDivide -->
  <testcase classname="com.example.CalculatorTest" name="testMultiply" time="0.0">
    <ignored/>
  </testcase> <!-- testMultiply -->
</testsuite> <!-- BasicOperationsTest -->
